<?xml version="1.0" encoding="UTF-8"?>
<!-- Generated by org.testng.reporters.JUnitReportReporter -->
<testsuite hostname="LAPTOP-IJ4JVCT6" failures="0" tests="1" name="testCases.TC01_Login" time="2.362" errors="0" timestamp="2025-04-02T11:35:49 IST" skipped="0">
  <testcase classname="testCases.TC01_Login" name="login" time="2.362"/>
</testsuite> <!-- testCases.TC01_Login -->
